WARNING: Mass for DOF   1 not set. Set to 1 by default.
WARNING: Mass for DOF   2 not set. Set to 1 by default.
WARNING: Mass for DOF   3 not set. Set to 1 by default.

******* Array-Dimensions *******

 k   :  minkoe, maxkoe      59     114
 h   :  htmdim, maxhtm     115     228
 hl  :  hopdim, maxhop     112     228
 nh  :  minfac, maxfac      13     600
 n   :    ndef, maxdef      85     240
 n   :    npar, maxpar      58      58
 n   :    nrdf, maxrdf       0       0
 np  : npesopt, maxpes       0       1
 nham:  hamdim, maxham       1       1
 muld: mulddim,maxmuld       0      10
 LMR :    iLMR, maxLMR       0      20
 (for minedim, maxedim see log file)

***** Operator details *****

ndof   =   4 ,  nmode   =   1
nopdof =   5 ,  nopmode =   3
feb =  4,  meb =  3,   fpb =  0,  mpb =  0,  mkoe =  2
leb = F,  lmult = T,  lmulpack = F,  lcap = F

DOF no.    label
    1       mode1
    2       mode2
    3       mode3
    4       el
- - - - - - - - - - - - - - -
    5       Koeff

Mode     DOFs
   1    1=   mode1  2=   mode2  3=   mode3
- - - - - - - - - - - - - - -
   2    5=   Koeff
   3    4=      el

Information for Hamiltonian : system

Total no. of terms      :     35
No. of correlated terms :     20

No. of uncorrelated terms for mode   1  state  1:     3
No. of uncorrelated terms for mode   1  state  2:     3
No. of uncorrelated terms for mode   1  state  3:     3
No. of uncorrelated terms for mode   1  state  4:     3
No. of uncorrelated terms for mode   1  state  5:     3
No. of uncorrelated terms for mode   1  state  6:     0
No. of uncorrelated terms for mode   1  state  7:     0
No. of uncorrelated terms for mode   1  state  8:     0

  Parameters
PI                      3.141592653590
c38edce2ae8f5624   -2.802538167015E-03
c8c05e49a5a6b880   -3.772929360020E-03
c4a40eab7a7b07e1   -2.925365583345E-03
c8995c1b22a2a56e   -4.024981252469E-04
c3ff6e92baf6fb5b        0.006823437744
cb0c3c00021c45dc        0.007721600609
cb448d1559a18a92        0.006028224896
c5a2adc714a62e6d   -7.417201787252E-03
c9ba0e4c47c118ad        0.003387905609
c55bd62793674fd9   -2.149115249003E-04
c18b062ea94ff6fb   -3.542671717689E-03
c2aacef216021072   -1.186617342438E-02
c8e4d028387190b8   -7.417201787252E-03
c2be4da5eaaebd11        0.003387905609
ca1d5dea5412b1be   -2.149115249003E-04
c94949b5405d8ff2   -2.802538167015E-03
c2f5cc15e21e334c   -3.772929360020E-03
c618eb374fd00ad2   -2.925365583345E-03
c4d5b84c188a72bb   -8.249062886540E-03
c2ee94423db78f12        0.082079744547
c392c0ff1632a8ae        0.006729488093
cd232fb32406595d        0.008044194272
c6c76e2473b0a0c2        0.006128505720
ca10bbe619fb3efb        0.005768284362
cbeb83a3691d35d9   -3.248610965720E-03
cf1445acc9e8ce94   -3.542671717689E-03
ca7f7c22bda8a203        0.005768284362
c782ea6e9ae7ce86   -2.802538167015E-03
c086be8f4277bc63   -3.772929360020E-03
cffd763f637833a5   -2.925365583345E-03
c6cc220fdd27e600   -4.420818320282E-03
c81e0bc432e9597d        0.101710733392
c118633859fb3674        0.005924300452
c19f85727c426f50        0.008681699520
c5ad58139f872217        0.004426143568
cdb1d27673931096   -1.049715080532E-03
c8525963e218c7b9   -1.049715080532E-03
ce0eae81d45d2deb   -2.802538167015E-03
c65bdbcc7fd4a2d6   -3.772929360020E-03
c57dc621361e7c62   -2.925365583345E-03
cc62cb21c514b448        0.000309475595
cf8d69f312fc297b        0.102941834359
c1ee9797fd9e9e1f        0.005572269182
ca1e495f7a1a2a08        0.005214051550
c853c269cc185992        0.004265515941
c877212cc3e22089   -1.634304974301E-03
cf3d05313502b8dc   -1.186617342438E-02
cd03903ccc9d9def   -3.248610965720E-03
c3897f512e7d65f4   -1.634304974301E-03
c2277f65840317e6   -2.802538167015E-03
c23b114352876df8   -3.772929360020E-03
c21878512544eb11   -2.925365583345E-03
cdd2517aef0de4b4   -8.012810362029E-03
c18f1c9829383419        0.116181158528
cd9a60408701cbe6        0.004186398027
cfea589800b95919        0.007764817448
c4c7f40f1f370b10        0.005781961787

Number of operators removed =     0,  cutoff = 1.00E-09

  Operator Labels    [hl,hoplab,(deflabel),hopilab,hopfile]
    hl  Label                         function no.  file no.
     1  1                                       1       302
     2  -1                                      2       302
     3  I                                       1       101
     4  c38edce2ae8f5624                        2       301
     5  S1&1                                   10         3
     6  dqdvr^1                                 6         3
     7  c8c05e49a5a6b880                        3       301
     8  c4a40eab7a7b07e1                        4       301
     9  c8995c1b22a2a56e                        5       301
    10  q                                       3       302
    11  c3ff6e92baf6fb5b                        6       301
    12  cb0c3c00021c45dc                        7       301
    13  cb448d1559a18a92                        8       301
    14  c5a2adc714a62e6d                        9       301
    15  Z1&2                                   12         3
    16  c9ba0e4c47c118ad                       10       301
    17  c55bd62793674fd9                       11       301
    18  c18b062ea94ff6fb                       12       301
    19  Z1&3                                   12         3
    20  c2aacef216021072                       13       301
    21  Z1&5                                   12         3
    22  c8e4d028387190b8                       14       301
    23  Z2&1                                   12         3
    24  c2be4da5eaaebd11                       15       301
    25  ca1d5dea5412b1be                       16       301
    26  c94949b5405d8ff2                       17       301
    27  S2&2                                   10         3
    28  c2f5cc15e21e334c                       18       301
    29  c618eb374fd00ad2                       19       301
    30  c4d5b84c188a72bb                       20       301
    31  c2ee94423db78f12                       21       301
    32  c392c0ff1632a8ae                       22       301
    33  cd232fb32406595d                       23       301
    34  c6c76e2473b0a0c2                       24       301
    35  ca10bbe619fb3efb                       25       301
    36  Z2&3                                   12         3
    37  cbeb83a3691d35d9                       26       301
    38  Z2&5                                   12         3
    39  cf1445acc9e8ce94                       27       301
    40  Z3&1                                   12         3
    41  ca7f7c22bda8a203                       28       301
    42  Z3&2                                   12         3
    43  c782ea6e9ae7ce86                       29       301
    44  S3&3                                   10         3
    45  c086be8f4277bc63                       30       301
    46  cffd763f637833a5                       31       301
    47  c6cc220fdd27e600                       32       301
    48  c81e0bc432e9597d                       33       301
    49  c118633859fb3674                       34       301
    50  c19f85727c426f50                       35       301
    51  c5ad58139f872217                       36       301
    52  cdb1d27673931096                       37       301
    53  Z3&4                                   12         3
    54  c8525963e218c7b9                       38       301
    55  Z4&3                                   12         3
    56  ce0eae81d45d2deb                       39       301
    57  S4&4                                   10         3
    58  c65bdbcc7fd4a2d6                       40       301
    59  c57dc621361e7c62                       41       301
    60  cc62cb21c514b448                       42       301
    61  cf8d69f312fc297b                       43       301
    62  c1ee9797fd9e9e1f                       44       301
    63  ca1e495f7a1a2a08                       45       301
    64  c853c269cc185992                       46       301
    65  c877212cc3e22089                       47       301
    66  Z4&5                                   12         3
    67  cf3d05313502b8dc                       48       301
    68  Z5&1                                   12         3
    69  cd03903ccc9d9def                       49       301
    70  Z5&2                                   12         3
    71  c3897f512e7d65f4                       50       301
    72  Z5&4                                   12         3
    73  c2277f65840317e6                       51       301
    74  S5&5                                   10         3
    75  c23b114352876df8                       52       301
    76  c21878512544eb11                       53       301
    77  cdd2517aef0de4b4                       54       301
    78  c18f1c9829383419                       55       301
    79  cd9a60408701cbe6                       56       301
    80  cfea589800b95919                       57       301
    81  c4c7f40f1f370b10                       58       301

Hamiltonian Operator Terms [h,htmdof,htmadof,htmndof,htmmode,htmmuld,htmtype,
                            htmsym,htmshift,string]
   No.   f  af  nf   m  md Typ Sym   Shift      Term
     1   1   1   0   0   0   1   1       0    1
     2   2   2   0   0   0   1   1       0    1
     3   3   3   0   0   0   1   1       0    1
     4   4   4   0   0   0   1   1       0    1
     5   K           0   0   1   1            1
    21   K           0   0   2   1            c5a2adc714a62e6d
    25   K           0   0   2   1            c18b062ea94ff6fb
    27   2   2   0   0   0   2   0       0    q
    28   K           0   0   2   1            c2aacef216021072
    30   1   1   0   0   0   2   0       0    q
    31   K           0   0   2   1            c8e4d028387190b8
    40   K           0   0   2   1            c2ee94423db78f12
    44   K           0   0   2   1            ca10bbe619fb3efb
    46   K           0   0   2   1            cbeb83a3691d35d9
    48   K           0   0   2   1            cf1445acc9e8ce94
    50   K           0   0   2   1            ca7f7c22bda8a203
    57   K           0   0   2   1            c81e0bc432e9597d
    61   K           0   0   2   1            cdb1d27673931096
    63   K           0   0   2   1            c8525963e218c7b9
    70   K           0   0   2   1            cf8d69f312fc297b
    74   K           0   0   2   1            c877212cc3e22089
    76   K           0   0   2   1            cf3d05313502b8dc
    78   K           0   0   2   1            cd03903ccc9d9def
    80   K           0   0   2   1            c3897f512e7d65f4
    87   K           0   0   2   1            c18f1c9829383419
    91   1   1   0   0   0   8   1       0    dqdvr^1*dqdvr^1*c38edce2ae8f5624 +
                              q*q*c3ff6e92baf6fb5b
    92   2   2   0   0   0   8   1       0    dqdvr^1*dqdvr^1*c8c05e49a5a6b880 +
                              q*q*cb0c3c00021c45dc
    93   3   3   0   0   0   8   1       0    dqdvr^1*dqdvr^1*c4a40eab7a7b07e1 +
                              q*c8995c1b22a2a56e + q*q*cb448d1559a18a92
    94   3   3   0   0   0   2   0       0    q*c9ba0e4c47c118ad + q*q*c55bd62793674fd9
    95   3   3   0   0   0   2   0       0    q*c2be4da5eaaebd11 + q*q*ca1d5dea5412b1be
    96   1   1   0   0   0   8   1       0    dqdvr^1*dqdvr^1*c94949b5405d8ff2 +
                              q*q*c392c0ff1632a8ae
    97   2   2   0   0   0   8   1       0    dqdvr^1*dqdvr^1*c2f5cc15e21e334c +
                              q*q*cd232fb32406595d
    98   3   3   0   0   0   8   1       0    dqdvr^1*dqdvr^1*c618eb374fd00ad2 +
                              q*c4d5b84c188a72bb + q*q*c6c76e2473b0a0c2
    99   1   1   0   0   0   8   1       0    dqdvr^1*dqdvr^1*c782ea6e9ae7ce86 +
                              q*q*c118633859fb3674
   100   2   2   0   0   0   8   1       0    dqdvr^1*dqdvr^1*c086be8f4277bc63 +
                              q*q*c19f85727c426f50
   101   3   3   0   0   0   8   1       0    dqdvr^1*dqdvr^1*cffd763f637833a5 +
                              q*c6cc220fdd27e600 + q*q*c5ad58139f872217
   102   1   1   0   0   0   8   1       0    dqdvr^1*dqdvr^1*ce0eae81d45d2deb +
                              q*q*c1ee9797fd9e9e1f
   103   2   2   0   0   0   8   1       0    dqdvr^1*dqdvr^1*c65bdbcc7fd4a2d6 +
                              q*q*ca1e495f7a1a2a08
   104   3   3   0   0   0   8   1       0    dqdvr^1*dqdvr^1*c57dc621361e7c62 +
                              q*cc62cb21c514b448 + q*q*c853c269cc185992
   105   1   1   0   0   0   8   1       0    dqdvr^1*dqdvr^1*c2277f65840317e6 +
                              q*q*cd9a60408701cbe6
   106   2   2   0   0   0   8   1       0    dqdvr^1*dqdvr^1*c23b114352876df8 +
                              q*q*cfea589800b95919
   107   3   3   0   0   0   8   1       0    dqdvr^1*dqdvr^1*c21878512544eb11 +
                              q*cdd2517aef0de4b4 + q*q*c4c7f40f1f370b10
   108   0   0   0   1   0   1   1       0    (1)*(2)*(3)
   109   0   0   0   1   0   2   1       0    (1)*(2)*(94)
   110   0   0   0   1   0   2   1       0    (1)*(27)*(3)
   111   0   0   0   1   0   2   1       0    (30)*(2)*(3)
   112   0   0   0   1   0   2   1       0    (1)*(2)*(95)

Correlated Terms  (ki,kf: initial and final el. state. h=hamilton(f,k))
            dof order =  mode1,  mode2,  mode3 |
     k  ki  kf coeff   No.s
     1   2   1   21        108
     2   2   1    5        109
     3   3   1   25        110
     4   5   1   28        111
     5   1   2   31        108
     6   1   2    5        112
     7   2   2   40        108
     8   3   2   44        110
     9   5   2   46        111
    10   1   3   48        110
    11   2   3   50        110
    12   3   3   57        108
    13   4   3   61        111
    14   3   4   63        111
    15   4   4   70        108
    16   5   4   74        110
    17   1   5   76        111
    18   2   5   78        111
    19   4   5   80        110
    20   5   5   87        108

Terms
     k   m   s  sym coeff          No.s
    21   1   1   1    5   real     91    2    3
    22   1   1   1    5   real      1   92    3
    23   1   1   1    5   real      1    2   93
    24   1   2   1    5   real     96    2    3
    25   1   2   1    5   real      1   97    3
    26   1   2   1    5   real      1    2   98
    27   1   3   1    5   real     99    2    3
    28   1   3   1    5   real      1  100    3
    29   1   3   1    5   real      1    2  101
    30   1   4   1    5   real    102    2    3
    31   1   4   1    5   real      1  103    3
    32   1   4   1    5   real      1    2  104
    33   1   5   1    5   real    105    2    3
    34   1   5   1    5   real      1  106    3
    35   1   5   1    5   real      1    2  107
The sum of uncorrelated operators is real and Hermitian!

**** Non-hermitian operators ****
     Hermitian      =  1
     Anti-Hermitian = -1
     No Symmetry    =  0

     k  ki  kf coeff     hsym(m,k)  (Last column is sym of coeff)
     1   1   2   21       0    0
     2   1   2    5       0    0
     3   1   3   25       0    0
     4   1   5   28       0    0
     5   2   1   31       0    0
     6   2   1    5       0    0
     8   2   3   44       0    0
     9   2   5   46       0    0
    10   3   1   48       0    0
    11   3   2   50       0    0
    13   3   4   61       0    0
    14   4   3   63       0    0
    16   4   5   74       0    0
    17   5   1   76       0    0
    18   5   2   78       0    0
    19   5   4   80       0    0

The correlated operator is NON-HERMITIAN and contains terms of
unspecified symmetry. Some terms are complex.
The uncorrelated operator is real and Hermitian!

------------------------------------------------------------------------------

