WARNING: Mass for DOF   1 not set. Set to 1 by default.
WARNING: Mass for DOF   2 not set. Set to 1 by default.
WARNING: Mass for DOF   3 not set. Set to 1 by default.

******* Array-Dimensions *******

 k   :  minkoe, maxkoe     173     342
 h   :  htmdim, maxhtm     369     684
 hl  :  hopdim, maxhop     366     684
 nh  :  minfac, maxfac      14     600
 n   :    ndef, maxdef      85     240
 n   :    npar, maxpar     172     172
 n   :    nrdf, maxrdf       0       0
 np  : npesopt, maxpes       0       1
 nham:  hamdim, maxham       1       1
 muld: mulddim,maxmuld       0      10
 LMR :    iLMR, maxLMR       0      20
 (for minedim, maxedim see log file)

***** Operator details *****

ndof   =   4 ,  nmode   =   1
nopdof =   5 ,  nopmode =   3
feb =  4,  meb =  3,   fpb =  0,  mpb =  0,  mkoe =  2
leb = F,  lmult = T,  lmulpack = F,  lcap = F

DOF no.    label
    1       mode1
    2       mode2
    3       mode3
    4       el
- - - - - - - - - - - - - - -
    5       Koeff

Mode     DOFs
   1    1=   mode1  2=   mode2  3=   mode3
- - - - - - - - - - - - - - -
   2    5=   Koeff
   3    4=      el

Information for Hamiltonian : system

Total no. of terms      :     41
No. of correlated terms :     26

No. of uncorrelated terms for mode   1  state  1:     3
No. of uncorrelated terms for mode   1  state  2:     3
No. of uncorrelated terms for mode   1  state  3:     3
No. of uncorrelated terms for mode   1  state  4:     3
No. of uncorrelated terms for mode   1  state  5:     3
No. of uncorrelated terms for mode   1  state  6:     0
No. of uncorrelated terms for mode   1  state  7:     0
No. of uncorrelated terms for mode   1  state  8:     0

  Parameters
PI                      3.141592653590
c38edce2ae8f5624   -2.802538167015E-03
c8c05e49a5a6b880   -3.772929360020E-03
c4a40eab7a7b07e1   -2.925365583345E-03
c3ff6e92baf6fb5b        0.006788815887
cb0c3c00021c45dc        0.007730635138
cb448d1559a18a92        0.006004257314
c0e8ad715de0f7a8   -1.605477760785E-09
cb4e26c9a4340ec0   -9.680028553368E-06
c8995c1b22a2a56e   -4.230179262610E-04
c5a2adc714a62e6d   -7.417201787252E-03
c812f270829221ab        0.000051319171
caa7c36dfe2e8d6d   -9.190702553083E-06
c55bd62793674fd9   -1.930196554681E-04
cb5443beaf3a2c61    4.474358911664E-10
c2c74751340d535a   -1.113016543542E-07
c9ba0e4c47c118ad        0.003480865109
c6e6e2f9ccccfdb6    2.412678087804E-09
c18b062ea94ff6fb   -3.479237252868E-03
c981fdba4034bacd   -2.318481810353E-05
c9bdb94cb1de5a56        0.000012134128
c3e985f8abf335c1   -6.767679948296E-06
c673aeb0d96b068a        0.000015869083
cae053cfbd20fd0d   -9.318492224838E-05
c660ce818fd00ad9    4.036227317689E-09
c5511f03fcf34eec   -2.214092173383E-09
c3b1d163360b4bc0   -6.837773239034E-10
cbc0d98f9531108c   -6.050122237297E-11
c922b5c752f5ead9    4.706319384927E-11
c2aacef216021072   -1.182866653855E-02
cc7299946113ea0c    1.324052989334E-08
c80fef1372d99592   -7.538071983738E-10
c27b1b7d38701567    3.546385832229E-09
c1f95666dc90a2fb   -1.162712472137E-09
caa9ee1a862c7d2e    3.241374047945E-09
c8e4d028387190b8   -7.417201787252E-03
c13a80a743aac631        0.000051319171
cbafb44d7c3bbcdc   -9.190702553083E-06
ca1d5dea5412b1be   -1.930196554681E-04
c90974a786e58796    4.474358911414E-10
ce39a5f8c2d88c4c   -1.113016543541E-07
c2be4da5eaaebd11        0.003480865109
c94949b5405d8ff2   -2.802538167015E-03
c2f5cc15e21e334c   -3.772929360020E-03
c618eb374fd00ad2   -2.925365583345E-03
c2ee94423db78f12        0.082079744547
c392c0ff1632a8ae        0.006738698102
cd232fb32406595d        0.008038747268
c6c76e2473b0a0c2        0.006142117826
c47bade0f312557b   -8.476427436227E-10
cc07faab071ca8b7        0.000013743858
c4d5b84c188a72bb   -8.274367341077E-03
ced6b34b352f5326   -2.199367917640E-09
ca10bbe619fb3efb        0.005799197633
cb4dd431b33125df        0.000098737818
cc8c27dd244bd212        0.000105848909
c7d5f8b2f2127fd9   -2.734880995586E-05
c3672c7269ab140a        0.000066591030
c402627b52a9a3a8   -4.014781156630E-05
c6048645ae886748   -1.824095160132E-09
cce2bb2a2499c97d    9.093887535825E-10
cdc54f11ba794e7f    6.086287588426E-10
c55e00cff1395c86   -1.544011849910E-10
c30fc503ec6c1e4d    2.535656443182E-10
c9bf357cdb62a400   -3.947464829559E-09
c91e20974171d038    9.629472495494E-10
c59b15267b3ff5ad   -2.429677464354E-09
cbeb83a3691d35d9   -3.264134024377E-03
c6458066a44fe234   -6.829696854066E-09
ce05ffd7d1bbfe7e   -2.672325027277E-09
c51bd584a8643fbb    2.412678087787E-09
cf1445acc9e8ce94   -3.479237252868E-03
c4b3ed8f9c17aa4e   -2.318481810352E-05
c7c8227d91aeac7b        0.000012134128
ca4b5603f7d9c556   -6.767679948296E-06
c6b419316830b371        0.000015869083
c853be8f000d56a8   -2.199367917620E-09
ca7f7c22bda8a203        0.005799197633
c07446f8ad36379d        0.000098737818
c48250f33a924155        0.000105848909
caa89c100d70906d   -2.734880995586E-05
c7e262d3c861e673        0.000066591030
c782ea6e9ae7ce86   -2.802538167015E-03
c086be8f4277bc63   -3.772929360020E-03
cffd763f637833a5   -2.925365583345E-03
c81e0bc432e9597d        0.101710733392
c118633859fb3674        0.006039282355
c19f85727c426f50        0.008651497526
c5ad58139f872217        0.004502004924
cbceec42d746a21e   -2.118518398678E-09
c5fa6e0ab0dfca74        0.000194022120
c6cc220fdd27e600   -4.331502652724E-03
cdb1d27673931096   -1.074982017926E-03
cef331f5cd5759cb    9.813420123753E-10
cf861bc1722e1e04    1.752289743849E-09
c6dc5b7a6ccd2bd5    2.843497570536E-09
c3f9ea6b9483f254   -3.341729973442E-10
c8505ab1b43b6db7    2.003232866680E-09
c6658c31ad25f471   -1.132076605346E-08
cc4a0bcd81fa9941    2.938835959488E-09
cfab692ecfa07065   -7.629945317695E-09
cbc93a80fc8661a2   -3.178947358830E-05
c2c169b28a0186b9   -2.025577770758E-08
c9423a3cd6622f79   -7.191982372754E-09
c55e6b82587a67f5   -9.318492224838E-05
c96b59e29337753a    4.036227317695E-09
cfedbfb93b7e2d08   -2.214092173373E-09
c0cb11b354f58a86   -6.837773238946E-10
cab83166da86a889   -6.050122236856E-11
cc6d6407517acc8f    4.706319386544E-11
c42a3c8f1f94b334   -4.014781156630E-05
c078505b64cee7ed   -1.824095160160E-09
cbed2a1f467f1703    9.093887536016E-10
ce812491f0997f09    6.086287588506E-10
c5520425939a8300   -1.544011849892E-10
c15dc48c32684766    2.535656443263E-10
c8525963e218c7b9   -1.074982017926E-03
c7ce35effdf405a9    9.813420122875E-10
c02b663501a059d4    1.752289743835E-09
c8e47918c0f42041    2.843497570546E-09
c8f008714e3baae7   -3.341729973501E-10
c1eb33720c5d71c1    2.003232866676E-09
ce0eae81d45d2deb   -2.802538167015E-03
c65bdbcc7fd4a2d6   -3.772929360020E-03
c57dc621361e7c62   -2.925365583345E-03
cf8d69f312fc297b        0.102941834359
c1ee9797fd9e9e1f        0.005558112392
ca1e495f7a1a2a08        0.005217216571
c853c269cc185992        0.004257739817
cc7277b8886ddc8c   -7.635764599004E-10
ce1ee0ff584ebe8f        0.000030118638
cc62cb21c514b448        0.000291516366
c0388d27dff53bac        0.000060612346
c857adde646de1c9   -1.397005938761E-05
cdbaee1e910019c9        0.000034326649
ce25ad7a20be7a76   -1.419021412940E-09
c877212cc3e22089   -1.738625210131E-03
c3cd1c84265b0d1b        0.000072446963
cf3d05313502b8dc   -1.182866653855E-02
c872859e22f44bf8    1.324052989333E-08
c75218e11c87a4fa   -7.538071981011E-10
c43cce15abec88b8    3.546385832223E-09
cccaa4e3edf6d48b   -1.162712472138E-09
ccb3db08a456a5d1    3.241374047941E-09
c1163ac438e2f164   -3.947464829551E-09
cd1db4bd361434b2    9.629472495479E-10
c77f624a622fcae2   -2.429677464354E-09
cd03903ccc9d9def   -3.264134024377E-03
cea9119eb43d8385   -6.829696854046E-09
c94260a5c3e9c90a   -2.672325027127E-09
c0d4e502e98d4172   -1.132076605346E-08
c82358d655cdedae    2.938835959488E-09
c1e901d370aa07fa   -7.629945317714E-09
ca247a5ef7a98f03   -3.178947358830E-05
c715d0b43bf0890d   -2.025577770751E-08
c7e026914661ed10   -7.191982372657E-09
c5d91d727cfd88e8        0.000060612346
c176f9e587ca127c   -1.397005938761E-05
cef9fd060135e453        0.000034326649
c1d68846c51ea2af   -1.419021412892E-09
c3897f512e7d65f4   -1.738625210131E-03
cb9959344fb0296b        0.000072446963
c2277f65840317e6   -2.802538167015E-03
c23b114352876df8   -3.772929360020E-03
c21878512544eb11   -2.925365583345E-03
c18f1c9829383419        0.116181158528
cd9a60408701cbe6        0.004110983391
cfea589800b95919        0.007788265530
c4c7f40f1f370b10        0.005724230662
c75e4cfe13f953a8    3.972650138634E-09
ce95ed2556f37328   -2.282059572893E-04
cdd2517aef0de4b4   -8.038343915977E-03

Number of operators removed =     0,  cutoff = 1.00E-09

  Operator Labels    [hl,hoplab,(deflabel),hopilab,hopfile]
    hl  Label                         function no.  file no.
     1  1                                       1       302
     2  -1                                      2       302
     3  I                                       1       101
     4  c38edce2ae8f5624                        2       301
     5  S1&1                                   10         3
     6  dqdvr^1                                 6         3
     7  c8c05e49a5a6b880                        3       301
     8  c4a40eab7a7b07e1                        4       301
     9  c3ff6e92baf6fb5b                        5       301
    10  q                                       3       302
    11  cb0c3c00021c45dc                        6       301
    12  cb448d1559a18a92                        7       301
    13  c0e8ad715de0f7a8                        8       301
    14  cb4e26c9a4340ec0                        9       301
    15  c8995c1b22a2a56e                       10       301
    16  c5a2adc714a62e6d                       11       301
    17  Z1&2                                   12         3
    18  c812f270829221ab                       12       301
    19  caa7c36dfe2e8d6d                       13       301
    20  c55bd62793674fd9                       14       301
    21  cb5443beaf3a2c61                       15       301
    22  c2c74751340d535a                       16       301
    23  c9ba0e4c47c118ad                       17       301
    24  c6e6e2f9ccccfdb6                       18       301
    25  Z1&3                                   12         3
    26  c18b062ea94ff6fb                       19       301
    27  c981fdba4034bacd                       20       301
    28  c9bdb94cb1de5a56                       21       301
    29  c3e985f8abf335c1                       22       301
    30  c673aeb0d96b068a                       23       301
    31  cae053cfbd20fd0d                       24       301
    32  Z1&4                                   12         3
    33  c660ce818fd00ad9                       25       301
    34  c5511f03fcf34eec                       26       301
    35  c3b1d163360b4bc0                       27       301
    36  cbc0d98f9531108c                       28       301
    37  c922b5c752f5ead9                       29       301
    38  c2aacef216021072                       30       301
    39  Z1&5                                   12         3
    40  cc7299946113ea0c                       31       301
    41  c80fef1372d99592                       32       301
    42  c27b1b7d38701567                       33       301
    43  c1f95666dc90a2fb                       34       301
    44  caa9ee1a862c7d2e                       35       301
    45  c8e4d028387190b8                       36       301
    46  Z2&1                                   12         3
    47  c13a80a743aac631                       37       301
    48  cbafb44d7c3bbcdc                       38       301
    49  ca1d5dea5412b1be                       39       301
    50  c90974a786e58796                       40       301
    51  ce39a5f8c2d88c4c                       41       301
    52  c2be4da5eaaebd11                       42       301
    53  c94949b5405d8ff2                       43       301
    54  S2&2                                   10         3
    55  c2f5cc15e21e334c                       44       301
    56  c618eb374fd00ad2                       45       301
    57  c2ee94423db78f12                       46       301
    58  c392c0ff1632a8ae                       47       301
    59  cd232fb32406595d                       48       301
    60  c6c76e2473b0a0c2                       49       301
    61  c47bade0f312557b                       50       301
    62  cc07faab071ca8b7                       51       301
    63  c4d5b84c188a72bb                       52       301
    64  ced6b34b352f5326                       53       301
    65  Z2&3                                   12         3
    66  ca10bbe619fb3efb                       54       301
    67  cb4dd431b33125df                       55       301
    68  cc8c27dd244bd212                       56       301
    69  c7d5f8b2f2127fd9                       57       301
    70  c3672c7269ab140a                       58       301
    71  c402627b52a9a3a8                       59       301
    72  Z2&4                                   12         3
    73  c6048645ae886748                       60       301
    74  cce2bb2a2499c97d                       61       301
    75  cdc54f11ba794e7f                       62       301
    76  c55e00cff1395c86                       63       301
    77  c30fc503ec6c1e4d                       64       301
    78  c9bf357cdb62a400                       65       301
    79  Z2&5                                   12         3
    80  c91e20974171d038                       66       301
    81  c59b15267b3ff5ad                       67       301
    82  cbeb83a3691d35d9                       68       301
    83  c6458066a44fe234                       69       301
    84  ce05ffd7d1bbfe7e                       70       301
    85  c51bd584a8643fbb                       71       301
    86  Z3&1                                   12         3
    87  cf1445acc9e8ce94                       72       301
    88  c4b3ed8f9c17aa4e                       73       301
    89  c7c8227d91aeac7b                       74       301
    90  ca4b5603f7d9c556                       75       301
    91  c6b419316830b371                       76       301
    92  c853be8f000d56a8                       77       301
    93  Z3&2                                   12         3
    94  ca7f7c22bda8a203                       78       301
    95  c07446f8ad36379d                       79       301
    96  c48250f33a924155                       80       301
    97  caa89c100d70906d                       81       301
    98  c7e262d3c861e673                       82       301
    99  c782ea6e9ae7ce86                       83       301
   100  S3&3                                   10         3
   101  c086be8f4277bc63                       84       301
   102  cffd763f637833a5                       85       301
   103  c81e0bc432e9597d                       86       301
   104  c118633859fb3674                       87       301
   105  c19f85727c426f50                       88       301
   106  c5ad58139f872217                       89       301
   107  cbceec42d746a21e                       90       301
   108  c5fa6e0ab0dfca74                       91       301
   109  c6cc220fdd27e600                       92       301
   110  cdb1d27673931096                       93       301
   111  Z3&4                                   12         3
   112  cef331f5cd5759cb                       94       301
   113  cf861bc1722e1e04                       95       301
   114  c6dc5b7a6ccd2bd5                       96       301
   115  c3f9ea6b9483f254                       97       301
   116  c8505ab1b43b6db7                       98       301
   117  c6658c31ad25f471                       99       301
   118  Z3&5                                   12         3
   119  cc4a0bcd81fa9941                      100       301
   120  cfab692ecfa07065                      101       301
   121  cbc93a80fc8661a2                      102       301
   122  c2c169b28a0186b9                      103       301
   123  c9423a3cd6622f79                      104       301
   124  c55e6b82587a67f5                      105       301
   125  Z4&1                                   12         3
   126  c96b59e29337753a                      106       301
   127  cfedbfb93b7e2d08                      107       301
   128  c0cb11b354f58a86                      108       301
   129  cab83166da86a889                      109       301
   130  cc6d6407517acc8f                      110       301
   131  c42a3c8f1f94b334                      111       301
   132  Z4&2                                   12         3
   133  c078505b64cee7ed                      112       301
   134  cbed2a1f467f1703                      113       301
   135  ce812491f0997f09                      114       301
   136  c5520425939a8300                      115       301
   137  c15dc48c32684766                      116       301
   138  c8525963e218c7b9                      117       301
   139  Z4&3                                   12         3
   140  c7ce35effdf405a9                      118       301
   141  c02b663501a059d4                      119       301
   142  c8e47918c0f42041                      120       301
   143  c8f008714e3baae7                      121       301
   144  c1eb33720c5d71c1                      122       301
   145  ce0eae81d45d2deb                      123       301
   146  S4&4                                   10         3
   147  c65bdbcc7fd4a2d6                      124       301
   148  c57dc621361e7c62                      125       301
   149  cf8d69f312fc297b                      126       301
   150  c1ee9797fd9e9e1f                      127       301
   151  ca1e495f7a1a2a08                      128       301
   152  c853c269cc185992                      129       301
   153  cc7277b8886ddc8c                      130       301
   154  ce1ee0ff584ebe8f                      131       301
   155  cc62cb21c514b448                      132       301
   156  c0388d27dff53bac                      133       301
   157  Z4&5                                   12         3
   158  c857adde646de1c9                      134       301
   159  cdbaee1e910019c9                      135       301
   160  ce25ad7a20be7a76                      136       301
   161  c877212cc3e22089                      137       301
   162  c3cd1c84265b0d1b                      138       301
   163  cf3d05313502b8dc                      139       301
   164  Z5&1                                   12         3
   165  c872859e22f44bf8                      140       301
   166  c75218e11c87a4fa                      141       301
   167  c43cce15abec88b8                      142       301
   168  cccaa4e3edf6d48b                      143       301
   169  ccb3db08a456a5d1                      144       301
   170  c1163ac438e2f164                      145       301
   171  Z5&2                                   12         3
   172  cd1db4bd361434b2                      146       301
   173  c77f624a622fcae2                      147       301
   174  cd03903ccc9d9def                      148       301
   175  cea9119eb43d8385                      149       301
   176  c94260a5c3e9c90a                      150       301
   177  c0d4e502e98d4172                      151       301
   178  Z5&3                                   12         3
   179  c82358d655cdedae                      152       301
   180  c1e901d370aa07fa                      153       301
   181  ca247a5ef7a98f03                      154       301
   182  c715d0b43bf0890d                      155       301
   183  c7e026914661ed10                      156       301
   184  c5d91d727cfd88e8                      157       301
   185  Z5&4                                   12         3
   186  c176f9e587ca127c                      158       301
   187  cef9fd060135e453                      159       301
   188  c1d68846c51ea2af                      160       301
   189  c3897f512e7d65f4                      161       301
   190  cb9959344fb0296b                      162       301
   191  c2277f65840317e6                      163       301
   192  S5&5                                   10         3
   193  c23b114352876df8                      164       301
   194  c21878512544eb11                      165       301
   195  c18f1c9829383419                      166       301
   196  cd9a60408701cbe6                      167       301
   197  cfea589800b95919                      168       301
   198  c4c7f40f1f370b10                      169       301
   199  c75e4cfe13f953a8                      170       301
   200  ce95ed2556f37328                      171       301
   201  cdd2517aef0de4b4                      172       301

Hamiltonian Operator Terms [h,htmdof,htmadof,htmndof,htmmode,htmmuld,htmtype,
                            htmsym,htmshift,string]
   No.   f  af  nf   m  md Typ Sym   Shift      Term
     1   1   1   0   0   0   1   1       0    1
     2   2   2   0   0   0   1   1       0    1
     3   3   3   0   0   0   1   1       0    1
     4   4   4   0   0   0   1   1       0    1
     5   K           0   0   1   1            1
    25   K           0   0   2   1            c5a2adc714a62e6d
    54   K           0   0   2   1            c8e4d028387190b8
    66   K           0   0   2   1            c2ee94423db78f12
   112   K           0   0   2   1            c81e0bc432e9597d
   158   K           0   0   2   1            cf8d69f312fc297b
   204   K           0   0   2   1            c18f1c9829383419
   211   1   1   0   0   0   8   1       0    dqdvr^1*dqdvr^1*c38edce2ae8f5624 +
                              q*q*c3ff6e92baf6fb5b + q*c0e8ad715de0f7a8
   212   2   2   0   0   0   8   1       0    dqdvr^1*dqdvr^1*c8c05e49a5a6b880 +
                              q*q*cb0c3c00021c45dc + q*cb4e26c9a4340ec0
   213   3   3   0   0   0   8   1       0    dqdvr^1*dqdvr^1*c4a40eab7a7b07e1 +
                              q*q*cb448d1559a18a92 + q*c8995c1b22a2a56e
   214   1   1   0   0   0   2   0       0    q*q*c812f270829221ab + q*cb5443beaf3a2c61
   215   2   2   0   0   0   2   0       0    q*q*caa7c36dfe2e8d6d + q*c2c74751340d535a
   216   3   3   0   0   0   2   0       0    q*q*c55bd62793674fd9 + q*c9ba0e4c47c118ad
   217   1   1   0   0   0   2   0       0    q*c6e6e2f9ccccfdb6 + q*q*c9bdb94cb1de5a56
   218   2   2   0   0   0   2   0       0    q*c18b062ea94ff6fb + q*q*c3e985f8abf335c1
   219   3   3   0   0   0   2   0       0    q*c981fdba4034bacd + q*q*c673aeb0d96b068a
   220   1   1   0   0   0   2   0       0    q*cae053cfbd20fd0d + q*q*c3b1d163360b4bc0
   221   2   2   0   0   0   2   0       0    q*c660ce818fd00ad9 + q*q*cbc0d98f9531108c
   222   3   3   0   0   0   2   0       0    q*c5511f03fcf34eec + q*q*c922b5c752f5ead9
   223   1   1   0   0   0   2   0       0    q*c2aacef216021072 + q*q*c27b1b7d38701567
   224   2   2   0   0   0   2   0       0    q*cc7299946113ea0c + q*q*c1f95666dc90a2fb
   225   3   3   0   0   0   2   0       0    q*c80fef1372d99592 + q*q*caa9ee1a862c7d2e
   226   1   1   0   0   0   2   0       0    q*q*c13a80a743aac631 + q*c90974a786e58796
   227   2   2   0   0   0   2   0       0    q*q*cbafb44d7c3bbcdc + q*ce39a5f8c2d88c4c
   228   3   3   0   0   0   2   0       0    q*q*ca1d5dea5412b1be + q*c2be4da5eaaebd11
   229   1   1   0   0   0   8   1       0    dqdvr^1*dqdvr^1*c94949b5405d8ff2 +
                              q*q*c392c0ff1632a8ae + q*c47bade0f312557b
   230   2   2   0   0   0   8   1       0    dqdvr^1*dqdvr^1*c2f5cc15e21e334c +
                              q*q*cd232fb32406595d + q*cc07faab071ca8b7
   231   3   3   0   0   0   8   1       0    dqdvr^1*dqdvr^1*c618eb374fd00ad2 +
                              q*q*c6c76e2473b0a0c2 + q*c4d5b84c188a72bb
   232   1   1   0   0   0   2   0       0    q*ced6b34b352f5326 + q*q*cc8c27dd244bd212
   233   2   2   0   0   0   2   0       0    q*ca10bbe619fb3efb + q*q*c7d5f8b2f2127fd9
   234   3   3   0   0   0   2   0       0    q*cb4dd431b33125df + q*q*c3672c7269ab140a
   235   1   1   0   0   0   2   0       0    q*c402627b52a9a3a8 + q*q*cdc54f11ba794e7f
   236   2   2   0   0   0   2   0       0    q*c6048645ae886748 + q*q*c55e00cff1395c86
   237   3   3   0   0   0   2   0       0    q*cce2bb2a2499c97d + q*q*c30fc503ec6c1e4d
   238   1   1   0   0   0   2   0       0    q*q*c9bf357cdb62a400 + q*cbeb83a3691d35d9
   239   2   2   0   0   0   2   0       0    q*q*c91e20974171d038 + q*c6458066a44fe234
   240   3   3   0   0   0   2   0       0    q*q*c59b15267b3ff5ad + q*ce05ffd7d1bbfe7e
   241   1   1   0   0   0   2   0       0    q*c51bd584a8643fbb + q*q*c7c8227d91aeac7b
   242   2   2   0   0   0   2   0       0    q*cf1445acc9e8ce94 + q*q*ca4b5603f7d9c556
   243   3   3   0   0   0   2   0       0    q*c4b3ed8f9c17aa4e + q*q*c6b419316830b371
   244   1   1   0   0   0   2   0       0    q*c853be8f000d56a8 + q*q*c48250f33a924155
   245   2   2   0   0   0   2   0       0    q*ca7f7c22bda8a203 + q*q*caa89c100d70906d
   246   3   3   0   0   0   2   0       0    q*c07446f8ad36379d + q*q*c7e262d3c861e673
   247   1   1   0   0   0   8   1       0    dqdvr^1*dqdvr^1*c782ea6e9ae7ce86 +
                              q*q*c118633859fb3674 + q*cbceec42d746a21e
   248   2   2   0   0   0   8   1       0    dqdvr^1*dqdvr^1*c086be8f4277bc63 +
                              q*q*c19f85727c426f50 + q*c5fa6e0ab0dfca74
   249   3   3   0   0   0   8   1       0    dqdvr^1*dqdvr^1*cffd763f637833a5 +
                              q*q*c5ad58139f872217 + q*c6cc220fdd27e600
   250   1   1   0   0   0   2   0       0    q*cdb1d27673931096 + q*q*c6dc5b7a6ccd2bd5
   251   2   2   0   0   0   2   0       0    q*cef331f5cd5759cb + q*q*c3f9ea6b9483f254
   252   3   3   0   0   0   2   0       0    q*cf861bc1722e1e04 + q*q*c8505ab1b43b6db7
   253   1   1   0   0   0   2   0       0    q*q*c6658c31ad25f471 + q*cbc93a80fc8661a2
   254   2   2   0   0   0   2   0       0    q*q*cc4a0bcd81fa9941 + q*c2c169b28a0186b9
   255   3   3   0   0   0   2   0       0    q*q*cfab692ecfa07065 + q*c9423a3cd6622f79
   256   1   1   0   0   0   2   0       0    q*c55e6b82587a67f5 + q*q*c0cb11b354f58a86
   257   2   2   0   0   0   2   0       0    q*c96b59e29337753a + q*q*cab83166da86a889
   258   3   3   0   0   0   2   0       0    q*cfedbfb93b7e2d08 + q*q*cc6d6407517acc8f
   259   1   1   0   0   0   2   0       0    q*c42a3c8f1f94b334 + q*q*ce812491f0997f09
   260   2   2   0   0   0   2   0       0    q*c078505b64cee7ed + q*q*c5520425939a8300
   261   3   3   0   0   0   2   0       0    q*cbed2a1f467f1703 + q*q*c15dc48c32684766
   262   1   1   0   0   0   2   0       0    q*c8525963e218c7b9 + q*q*c8e47918c0f42041
   263   2   2   0   0   0   2   0       0    q*c7ce35effdf405a9 + q*q*c8f008714e3baae7
   264   3   3   0   0   0   2   0       0    q*c02b663501a059d4 + q*q*c1eb33720c5d71c1
   265   1   1   0   0   0   8   1       0    dqdvr^1*dqdvr^1*ce0eae81d45d2deb +
                              q*q*c1ee9797fd9e9e1f + q*cc7277b8886ddc8c
   266   2   2   0   0   0   8   1       0    dqdvr^1*dqdvr^1*c65bdbcc7fd4a2d6 +
                              q*q*ca1e495f7a1a2a08 + q*ce1ee0ff584ebe8f
   267   3   3   0   0   0   8   1       0    dqdvr^1*dqdvr^1*c57dc621361e7c62 +
                              q*q*c853c269cc185992 + q*cc62cb21c514b448
   268   1   1   0   0   0   2   0       0    q*q*c0388d27dff53bac + q*ce25ad7a20be7a76
   269   2   2   0   0   0   2   0       0    q*q*c857adde646de1c9 + q*c877212cc3e22089
   270   3   3   0   0   0   2   0       0    q*q*cdbaee1e910019c9 + q*c3cd1c84265b0d1b
   271   1   1   0   0   0   2   0       0    q*cf3d05313502b8dc + q*q*c43cce15abec88b8
   272   2   2   0   0   0   2   0       0    q*c872859e22f44bf8 + q*q*cccaa4e3edf6d48b
   273   3   3   0   0   0   2   0       0    q*c75218e11c87a4fa + q*q*ccb3db08a456a5d1
   274   1   1   0   0   0   2   0       0    q*q*c1163ac438e2f164 + q*cd03903ccc9d9def
   275   2   2   0   0   0   2   0       0    q*q*cd1db4bd361434b2 + q*cea9119eb43d8385
   276   3   3   0   0   0   2   0       0    q*q*c77f624a622fcae2 + q*c94260a5c3e9c90a
   277   1   1   0   0   0   2   0       0    q*q*c0d4e502e98d4172 + q*ca247a5ef7a98f03
   278   2   2   0   0   0   2   0       0    q*q*c82358d655cdedae + q*c715d0b43bf0890d
   279   3   3   0   0   0   2   0       0    q*q*c1e901d370aa07fa + q*c7e026914661ed10
   280   1   1   0   0   0   2   0       0    q*q*c5d91d727cfd88e8 + q*c1d68846c51ea2af
   281   2   2   0   0   0   2   0       0    q*q*c176f9e587ca127c + q*c3897f512e7d65f4
   282   3   3   0   0   0   2   0       0    q*q*cef9fd060135e453 + q*cb9959344fb0296b
   283   1   1   0   0   0   8   1       0    dqdvr^1*dqdvr^1*c2277f65840317e6 +
                              q*q*cd9a60408701cbe6 + q*c75e4cfe13f953a8
   284   2   2   0   0   0   8   1       0    dqdvr^1*dqdvr^1*c23b114352876df8 +
                              q*q*cfea589800b95919 + q*ce95ed2556f37328
   285   3   3   0   0   0   8   1       0    dqdvr^1*dqdvr^1*c21878512544eb11 +
                              q*q*c4c7f40f1f370b10 + q*cdd2517aef0de4b4
   286   0   0   0   1   0   1   1       0    (1)*(2)*(3)
   347   0   0   0   1   0   2   1       0    (214)*(2)*(3) + (1)*(215)*(3) + (1)*(2)*(216)
   348   0   0   0   1   0   2   1       0    (217)*(2)*(3) + (1)*(218)*(3) + (1)*(2)*(219)
   349   0   0   0   1   0   2   1       0    (220)*(2)*(3) + (1)*(221)*(3) + (1)*(2)*(222)
   350   0   0   0   1   0   2   1       0    (223)*(2)*(3) + (1)*(224)*(3) + (1)*(2)*(225)
   351   0   0   0   1   0   2   1       0    (226)*(2)*(3) + (1)*(227)*(3) + (1)*(2)*(228)
   352   0   0   0   1   0   2   1       0    (232)*(2)*(3) + (1)*(233)*(3) + (1)*(2)*(234)
   353   0   0   0   1   0   2   1       0    (235)*(2)*(3) + (1)*(236)*(3) + (1)*(2)*(237)
   354   0   0   0   1   0   2   1       0    (238)*(2)*(3) + (1)*(239)*(3) + (1)*(2)*(240)
   355   0   0   0   1   0   2   1       0    (241)*(2)*(3) + (1)*(242)*(3) + (1)*(2)*(243)
   356   0   0   0   1   0   2   1       0    (244)*(2)*(3) + (1)*(245)*(3) + (1)*(2)*(246)
   357   0   0   0   1   0   2   1       0    (250)*(2)*(3) + (1)*(251)*(3) + (1)*(2)*(252)
   358   0   0   0   1   0   2   1       0    (253)*(2)*(3) + (1)*(254)*(3) + (1)*(2)*(255)
   359   0   0   0   1   0   2   1       0    (256)*(2)*(3) + (1)*(257)*(3) + (1)*(2)*(258)
   360   0   0   0   1   0   2   1       0    (259)*(2)*(3) + (1)*(260)*(3) + (1)*(2)*(261)
   361   0   0   0   1   0   2   1       0    (262)*(2)*(3) + (1)*(263)*(3) + (1)*(2)*(264)
   362   0   0   0   1   0   2   1       0    (268)*(2)*(3) + (1)*(269)*(3) + (1)*(2)*(270)
   363   0   0   0   1   0   2   1       0    (271)*(2)*(3) + (1)*(272)*(3) + (1)*(2)*(273)
   364   0   0   0   1   0   2   1       0    (274)*(2)*(3) + (1)*(275)*(3) + (1)*(2)*(276)
   365   0   0   0   1   0   2   1       0    (277)*(2)*(3) + (1)*(278)*(3) + (1)*(2)*(279)
   366   0   0   0   1   0   2   1       0    (280)*(2)*(3) + (1)*(281)*(3) + (1)*(2)*(282)

Correlated Terms  (ki,kf: initial and final el. state. h=hamilton(f,k))
            dof order =  mode1,  mode2,  mode3 |
     k  ki  kf coeff   No.s
     1   2   1   25        286
     2   2   1    5        347
     3   3   1    5        348
     4   4   1    5        349
     5   5   1    5        350
     6   1   2   54        286
     7   1   2    5        351
     8   2   2   66        286
     9   3   2    5        352
    10   4   2    5        353
    11   5   2    5        354
    12   1   3    5        355
    13   2   3    5        356
    14   3   3  112        286
    15   4   3    5        357
    16   5   3    5        358
    17   1   4    5        359
    18   2   4    5        360
    19   3   4    5        361
    20   4   4  158        286
    21   5   4    5        362
    22   1   5    5        363
    23   2   5    5        364
    24   3   5    5        365
    25   4   5    5        366
    26   5   5  204        286

Terms
     k   m   s  sym coeff          No.s
    27   1   1   1    5   real    211    2    3
    28   1   1   1    5   real      1  212    3
    29   1   1   1    5   real      1    2  213
    30   1   2   1    5   real    229    2    3
    31   1   2   1    5   real      1  230    3
    32   1   2   1    5   real      1    2  231
    33   1   3   1    5   real    247    2    3
    34   1   3   1    5   real      1  248    3
    35   1   3   1    5   real      1    2  249
    36   1   4   1    5   real    265    2    3
    37   1   4   1    5   real      1  266    3
    38   1   4   1    5   real      1    2  267
    39   1   5   1    5   real    283    2    3
    40   1   5   1    5   real      1  284    3
    41   1   5   1    5   real      1    2  285
The sum of uncorrelated operators is real and Hermitian!

**** Non-hermitian operators ****
     Hermitian      =  1
     Anti-Hermitian = -1
     No Symmetry    =  0

     k  ki  kf coeff     hsym(m,k)  (Last column is sym of coeff)
     1   1   2   25       0    0
     2   1   2    5       0    0
     3   1   3    5       0    0
     4   1   4    5       0    0
     5   1   5    5       0    0
     6   2   1   54       0    0
     7   2   1    5       0    0
     9   2   3    5       0    0
    10   2   4    5       0    0
    11   2   5    5       0    0
    12   3   1    5       0    0
    13   3   2    5       0    0
    15   3   4    5       0    0
    16   3   5    5       0    0
    17   4   1    5       0    0
    18   4   2    5       0    0
    19   4   3    5       0    0
    21   4   5    5       0    0
    22   5   1    5       0    0
    23   5   2    5       0    0
    24   5   3    5       0    0
    25   5   4    5       0    0

The correlated operator is NON-HERMITIAN and contains terms of
unspecified symmetry. Some terms are complex.
The uncorrelated operator is real and Hermitian!

------------------------------------------------------------------------------

