WARNING: Mass for DOF   1 not set. Set to 1 by default.
WARNING: Mass for DOF   2 not set. Set to 1 by default.
WARNING: Mass for DOF   3 not set. Set to 1 by default.

******* Array-Dimensions *******

 k   :  minkoe, maxkoe     155     306
 h   :  htmdim, maxhtm     318     612
 hl  :  hopdim, maxhop     315     612
 nh  :  minfac, maxfac      17     600
 n   :    ndef, maxdef      85     240
 n   :    npar, maxpar     154     154
 n   :    nrdf, maxrdf       0       0
 np  : npesopt, maxpes       0       1
 nham:  hamdim, maxham       1       1
 muld: mulddim,maxmuld       0      10
 LMR :    iLMR, maxLMR       0      20
 (for minedim, maxedim see log file)

***** Operator details *****

ndof   =   4 ,  nmode   =   1
nopdof =   5 ,  nopmode =   3
feb =  4,  meb =  3,   fpb =  0,  mpb =  0,  mkoe =  2
leb = F,  lmult = T,  lmulpack = F,  lcap = F

DOF no.    label
    1       mode1
    2       mode2
    3       mode3
    4       el
- - - - - - - - - - - - - - -
    5       Koeff

Mode     DOFs
   1    1=   mode1  2=   mode2  3=   mode3
- - - - - - - - - - - - - - -
   2    5=   Koeff
   3    4=      el

Information for Hamiltonian : system

Total no. of terms      :     41
No. of correlated terms :     26

No. of uncorrelated terms for mode   1  state  1:     3
No. of uncorrelated terms for mode   1  state  2:     3
No. of uncorrelated terms for mode   1  state  3:     3
No. of uncorrelated terms for mode   1  state  4:     3
No. of uncorrelated terms for mode   1  state  5:     3
No. of uncorrelated terms for mode   1  state  6:     0
No. of uncorrelated terms for mode   1  state  7:     0
No. of uncorrelated terms for mode   1  state  8:     0

  Parameters
PI                      3.141592653590
c38edce2ae8f5624   -2.802538167015E-03
c8c05e49a5a6b880   -3.772929360020E-03
c4a40eab7a7b07e1   -2.925365583345E-03
c3ff6e92baf6fb5b        0.006785479779
cb0c3c00021c45dc        0.007757070258
cb448d1559a18a92        0.005957266351
c0e8ad715de0f7a8   -4.307215372985E-11
cb4e26c9a4340ec0   -1.727004063174E-04
c8995c1b22a2a56e   -2.552997019082E-04
c5a2adc714a62e6d   -7.417201787252E-03
c812f270829221ab        0.000013737281
caa7c36dfe2e8d6d        0.000011961073
c55bd62793674fd9   -2.429004678814E-04
cb5443beaf3a2c61    2.814504874428E-10
c2c74751340d535a   -2.126455250011E-05
c9ba0e4c47c118ad        0.003556128762
c6e6e2f9ccccfdb6   -4.237932047099E-10
c18b062ea94ff6fb   -2.739335831483E-03
c981fdba4034bacd        0.000838659097
c9bdb94cb1de5a56        0.000301104664
c3e985f8abf335c1   -2.114799789437E-05
c673aeb0d96b068a        0.000057422120
cae053cfbd20fd0d        0.000091859331
c660ce818fd00ad9    4.962501999816E-10
c5511f03fcf34eec    4.405658671536E-10
c2aacef216021072   -1.182240915500E-02
cc7299946113ea0c    9.105320389986E-10
c80fef1372d99592   -6.624900143730E-10
c27b1b7d38701567   -4.839701668965E-10
c1f95666dc90a2fb    3.902933463524E-11
caa9ee1a862c7d2e   -2.382800662017E-11
c8e4d028387190b8   -7.417201787252E-03
c13a80a743aac631        0.000013737281
cbafb44d7c3bbcdc        0.000011961073
ca1d5dea5412b1be   -2.429004678814E-04
c90974a786e58796    2.814504874417E-10
ce39a5f8c2d88c4c   -2.126455250011E-05
c2be4da5eaaebd11        0.003556128762
c94949b5405d8ff2   -2.802538167015E-03
c2f5cc15e21e334c   -3.772929360020E-03
c618eb374fd00ad2   -2.925365583345E-03
c2ee94423db78f12        0.082079744547
c392c0ff1632a8ae        0.006901647595
cd232fb32406595d        0.008003988956
c6c76e2473b0a0c2        0.006202123936
c47bade0f312557b   -2.562469487845E-10
cc07faab071ca8b7        0.000478318528
c4d5b84c188a72bb   -7.910172940030E-03
ced6b34b352f5326   -2.428704377819E-10
ca10bbe619fb3efb        0.005767440010
cb4dd431b33125df        0.000239970443
cc8c27dd244bd212        0.000081234350
c7d5f8b2f2127fd9   -1.480043550606E-05
c3672c7269ab140a        0.000017938872
c402627b52a9a3a8   -1.553594545052E-05
c6048645ae886748   -3.457193026492E-10
cce2bb2a2499c97d    5.055623553961E-10
cbeb83a3691d35d9   -3.922618714138E-03
c6458066a44fe234    5.186956959733E-10
ce05ffd7d1bbfe7e    4.918019015711E-10
c51bd584a8643fbb   -4.237932047257E-10
cf1445acc9e8ce94   -2.739335831483E-03
c4b3ed8f9c17aa4e        0.000838659097
c7c8227d91aeac7b        0.000301104664
ca4b5603f7d9c556   -2.114799789437E-05
c6b419316830b371        0.000057422120
c853be8f000d56a8   -2.428704377779E-10
ca7f7c22bda8a203        0.005767440010
c07446f8ad36379d        0.000239970443
c48250f33a924155        0.000081234350
caa89c100d70906d   -1.480043550606E-05
c7e262d3c861e673        0.000017938872
c782ea6e9ae7ce86   -2.802538167015E-03
c086be8f4277bc63   -3.772929360020E-03
cffd763f637833a5   -2.925365583345E-03
c81e0bc432e9597d        0.101710733392
c118633859fb3674        0.006157035355
c19f85727c426f50        0.008577855758
c5ad58139f872217        0.004723948581
cbceec42d746a21e   -2.955616148256E-11
c5fa6e0ab0dfca74        0.000129751437
c6cc220fdd27e600   -4.906946209493E-03
cdb1d27673931096   -1.094249343643E-03
cef331f5cd5759cb   -2.616586779427E-10
cf861bc1722e1e04    1.635676421996E-09
c6dc5b7a6ccd2bd5    1.282432681110E-10
c3f9ea6b9483f254    5.274217325609E-10
c8505ab1b43b6db7   -2.407780373747E-10
c6658c31ad25f471   -4.388492890935E-10
cc4a0bcd81fa9941   -2.396644904112E-10
cfab692ecfa07065    1.792135137151E-10
cbc93a80fc8661a2        0.000175383633
c2c169b28a0186b9   -9.892083777881E-10
c9423a3cd6622f79   -1.298412904281E-09
c55e6b82587a67f5        0.000091859331
c96b59e29337753a    4.962501999816E-10
cfedbfb93b7e2d08    4.405658671536E-10
c42a3c8f1f94b334   -1.553594545052E-05
c078505b64cee7ed   -3.457193026492E-10
cbed2a1f467f1703    5.055623554160E-10
c8525963e218c7b9   -1.094249343643E-03
c7ce35effdf405a9   -2.616586780067E-10
c02b663501a059d4    1.635676421996E-09
c8e47918c0f42041    1.282432681151E-10
c8f008714e3baae7    5.274217325568E-10
c1eb33720c5d71c1   -2.407780373747E-10
ce0eae81d45d2deb   -2.802538167015E-03
c65bdbcc7fd4a2d6   -3.772929360020E-03
c57dc621361e7c62   -2.925365583345E-03
cf8d69f312fc297b        0.102941834359
c1ee9797fd9e9e1f        0.004971164548
ca1e495f7a1a2a08        0.005342519053
c853c269cc185992        0.003902005095
cc7277b8886ddc8c   -6.148899832469E-11
ce1ee0ff584ebe8f        0.000104031271
cc62cb21c514b448   -2.517079782057E-04
c0388d27dff53bac   -5.595505681656E-05
c857adde646de1c9        0.000032781259
cdbaee1e910019c9   -8.808511808521E-05
ce25ad7a20be7a76    2.199546819652E-10
c877212cc3e22089   -1.969081797964E-03
c3cd1c84265b0d1b        0.000184322418
cf3d05313502b8dc   -1.182240915500E-02
c872859e22f44bf8    9.105320389986E-10
c75218e11c87a4fa   -6.624900141021E-10
c43cce15abec88b8   -4.839701668947E-10
cccaa4e3edf6d48b    3.902933463598E-11
ccb3db08a456a5d1   -2.382800662017E-11
cd03903ccc9d9def   -3.922618714138E-03
cea9119eb43d8385    5.186956959774E-10
c94260a5c3e9c90a    4.918019017145E-10
c0d4e502e98d4172   -4.388492890935E-10
c82358d655cdedae   -2.396644904112E-10
c1e901d370aa07fa    1.792135136993E-10
ca247a5ef7a98f03        0.000175383633
c715d0b43bf0890d   -9.892083777242E-10
c7e026914661ed10   -1.298412904186E-09
c5d91d727cfd88e8   -5.595505681656E-05
c176f9e587ca127c        0.000032781259
cef9fd060135e453   -8.808511808521E-05
c1d68846c51ea2af    2.199546820130E-10
c3897f512e7d65f4   -1.969081797964E-03
cb9959344fb0296b        0.000184322418
c2277f65840317e6   -2.802538167015E-03
c23b114352876df8   -3.772929360020E-03
c21878512544eb11   -2.925365583345E-03
c18f1c9829383419        0.116181158528
cd9a60408701cbe6        0.004420564910
cfea589800b95919        0.007744928056
c4c7f40f1f370b10        0.005845006595
c75e4cfe13f953a8   -9.032845662668E-10
ce95ed2556f37328   -5.394021754002E-04
cdd2517aef0de4b4   -7.451588635765E-03

Number of operators removed =     0,  cutoff = 1.00E-09

  Operator Labels    [hl,hoplab,(deflabel),hopilab,hopfile]
    hl  Label                         function no.  file no.
     1  1                                       1       302
     2  -1                                      2       302
     3  I                                       1       101
     4  c38edce2ae8f5624                        2       301
     5  S1&1                                   10         3
     6  dqdvr^1                                 6         3
     7  c8c05e49a5a6b880                        3       301
     8  c4a40eab7a7b07e1                        4       301
     9  c3ff6e92baf6fb5b                        5       301
    10  q                                       3       302
    11  cb0c3c00021c45dc                        6       301
    12  cb448d1559a18a92                        7       301
    13  c0e8ad715de0f7a8                        8       301
    14  cb4e26c9a4340ec0                        9       301
    15  c8995c1b22a2a56e                       10       301
    16  c5a2adc714a62e6d                       11       301
    17  Z1&2                                   12         3
    18  c812f270829221ab                       12       301
    19  caa7c36dfe2e8d6d                       13       301
    20  c55bd62793674fd9                       14       301
    21  cb5443beaf3a2c61                       15       301
    22  c2c74751340d535a                       16       301
    23  c9ba0e4c47c118ad                       17       301
    24  c6e6e2f9ccccfdb6                       18       301
    25  Z1&3                                   12         3
    26  c18b062ea94ff6fb                       19       301
    27  c981fdba4034bacd                       20       301
    28  c9bdb94cb1de5a56                       21       301
    29  c3e985f8abf335c1                       22       301
    30  c673aeb0d96b068a                       23       301
    31  cae053cfbd20fd0d                       24       301
    32  Z1&4                                   12         3
    33  c660ce818fd00ad9                       25       301
    34  c5511f03fcf34eec                       26       301
    35  c2aacef216021072                       27       301
    36  Z1&5                                   12         3
    37  cc7299946113ea0c                       28       301
    38  c80fef1372d99592                       29       301
    39  c27b1b7d38701567                       30       301
    40  c1f95666dc90a2fb                       31       301
    41  caa9ee1a862c7d2e                       32       301
    42  c8e4d028387190b8                       33       301
    43  Z2&1                                   12         3
    44  c13a80a743aac631                       34       301
    45  cbafb44d7c3bbcdc                       35       301
    46  ca1d5dea5412b1be                       36       301
    47  c90974a786e58796                       37       301
    48  ce39a5f8c2d88c4c                       38       301
    49  c2be4da5eaaebd11                       39       301
    50  c94949b5405d8ff2                       40       301
    51  S2&2                                   10         3
    52  c2f5cc15e21e334c                       41       301
    53  c618eb374fd00ad2                       42       301
    54  c2ee94423db78f12                       43       301
    55  c392c0ff1632a8ae                       44       301
    56  cd232fb32406595d                       45       301
    57  c6c76e2473b0a0c2                       46       301
    58  c47bade0f312557b                       47       301
    59  cc07faab071ca8b7                       48       301
    60  c4d5b84c188a72bb                       49       301
    61  ced6b34b352f5326                       50       301
    62  Z2&3                                   12         3
    63  ca10bbe619fb3efb                       51       301
    64  cb4dd431b33125df                       52       301
    65  cc8c27dd244bd212                       53       301
    66  c7d5f8b2f2127fd9                       54       301
    67  c3672c7269ab140a                       55       301
    68  c402627b52a9a3a8                       56       301
    69  Z2&4                                   12         3
    70  c6048645ae886748                       57       301
    71  cce2bb2a2499c97d                       58       301
    72  cbeb83a3691d35d9                       59       301
    73  Z2&5                                   12         3
    74  c6458066a44fe234                       60       301
    75  ce05ffd7d1bbfe7e                       61       301
    76  c51bd584a8643fbb                       62       301
    77  Z3&1                                   12         3
    78  cf1445acc9e8ce94                       63       301
    79  c4b3ed8f9c17aa4e                       64       301
    80  c7c8227d91aeac7b                       65       301
    81  ca4b5603f7d9c556                       66       301
    82  c6b419316830b371                       67       301
    83  c853be8f000d56a8                       68       301
    84  Z3&2                                   12         3
    85  ca7f7c22bda8a203                       69       301
    86  c07446f8ad36379d                       70       301
    87  c48250f33a924155                       71       301
    88  caa89c100d70906d                       72       301
    89  c7e262d3c861e673                       73       301
    90  c782ea6e9ae7ce86                       74       301
    91  S3&3                                   10         3
    92  c086be8f4277bc63                       75       301
    93  cffd763f637833a5                       76       301
    94  c81e0bc432e9597d                       77       301
    95  c118633859fb3674                       78       301
    96  c19f85727c426f50                       79       301
    97  c5ad58139f872217                       80       301
    98  cbceec42d746a21e                       81       301
    99  c5fa6e0ab0dfca74                       82       301
   100  c6cc220fdd27e600                       83       301
   101  cdb1d27673931096                       84       301
   102  Z3&4                                   12         3
   103  cef331f5cd5759cb                       85       301
   104  cf861bc1722e1e04                       86       301
   105  c6dc5b7a6ccd2bd5                       87       301
   106  c3f9ea6b9483f254                       88       301
   107  c8505ab1b43b6db7                       89       301
   108  c6658c31ad25f471                       90       301
   109  Z3&5                                   12         3
   110  cc4a0bcd81fa9941                       91       301
   111  cfab692ecfa07065                       92       301
   112  cbc93a80fc8661a2                       93       301
   113  c2c169b28a0186b9                       94       301
   114  c9423a3cd6622f79                       95       301
   115  c55e6b82587a67f5                       96       301
   116  Z4&1                                   12         3
   117  c96b59e29337753a                       97       301
   118  cfedbfb93b7e2d08                       98       301
   119  c42a3c8f1f94b334                       99       301
   120  Z4&2                                   12         3
   121  c078505b64cee7ed                      100       301
   122  cbed2a1f467f1703                      101       301
   123  c8525963e218c7b9                      102       301
   124  Z4&3                                   12         3
   125  c7ce35effdf405a9                      103       301
   126  c02b663501a059d4                      104       301
   127  c8e47918c0f42041                      105       301
   128  c8f008714e3baae7                      106       301
   129  c1eb33720c5d71c1                      107       301
   130  ce0eae81d45d2deb                      108       301
   131  S4&4                                   10         3
   132  c65bdbcc7fd4a2d6                      109       301
   133  c57dc621361e7c62                      110       301
   134  cf8d69f312fc297b                      111       301
   135  c1ee9797fd9e9e1f                      112       301
   136  ca1e495f7a1a2a08                      113       301
   137  c853c269cc185992                      114       301
   138  cc7277b8886ddc8c                      115       301
   139  ce1ee0ff584ebe8f                      116       301
   140  cc62cb21c514b448                      117       301
   141  c0388d27dff53bac                      118       301
   142  Z4&5                                   12         3
   143  c857adde646de1c9                      119       301
   144  cdbaee1e910019c9                      120       301
   145  ce25ad7a20be7a76                      121       301
   146  c877212cc3e22089                      122       301
   147  c3cd1c84265b0d1b                      123       301
   148  cf3d05313502b8dc                      124       301
   149  Z5&1                                   12         3
   150  c872859e22f44bf8                      125       301
   151  c75218e11c87a4fa                      126       301
   152  c43cce15abec88b8                      127       301
   153  cccaa4e3edf6d48b                      128       301
   154  ccb3db08a456a5d1                      129       301
   155  cd03903ccc9d9def                      130       301
   156  Z5&2                                   12         3
   157  cea9119eb43d8385                      131       301
   158  c94260a5c3e9c90a                      132       301
   159  c0d4e502e98d4172                      133       301
   160  Z5&3                                   12         3
   161  c82358d655cdedae                      134       301
   162  c1e901d370aa07fa                      135       301
   163  ca247a5ef7a98f03                      136       301
   164  c715d0b43bf0890d                      137       301
   165  c7e026914661ed10                      138       301
   166  c5d91d727cfd88e8                      139       301
   167  Z5&4                                   12         3
   168  c176f9e587ca127c                      140       301
   169  cef9fd060135e453                      141       301
   170  c1d68846c51ea2af                      142       301
   171  c3897f512e7d65f4                      143       301
   172  cb9959344fb0296b                      144       301
   173  c2277f65840317e6                      145       301
   174  S5&5                                   10         3
   175  c23b114352876df8                      146       301
   176  c21878512544eb11                      147       301
   177  c18f1c9829383419                      148       301
   178  cd9a60408701cbe6                      149       301
   179  cfea589800b95919                      150       301
   180  c4c7f40f1f370b10                      151       301
   181  c75e4cfe13f953a8                      152       301
   182  ce95ed2556f37328                      153       301
   183  cdd2517aef0de4b4                      154       301

Hamiltonian Operator Terms [h,htmdof,htmadof,htmndof,htmmode,htmmuld,htmtype,
                            htmsym,htmshift,string]
   No.   f  af  nf   m  md Typ Sym   Shift      Term
     1   1   1   0   0   0   1   1       0    1
     2   2   2   0   0   0   1   1       0    1
     3   3   3   0   0   0   1   1       0    1
     4   4   4   0   0   0   1   1       0    1
     5   K           0   0   1   1            1
    20   1   1   0   0   0   2   0       0    q
    22   2   2   0   0   0   2   0       0    q
    24   3   3   0   0   0   2   0       0    q
    25   K           0   0   2   1            c5a2adc714a62e6d
    40   K           0   0   2   1            cae053cfbd20fd0d
    42   K           0   0   2   1            c660ce818fd00ad9
    43   K           0   0   2   1            c5511f03fcf34eec
    51   K           0   0   2   1            c8e4d028387190b8
    63   K           0   0   2   1            c2ee94423db78f12
    77   K           0   0   2   1            c402627b52a9a3a8
    79   K           0   0   2   1            c6048645ae886748
    80   K           0   0   2   1            cce2bb2a2499c97d
    81   K           0   0   2   1            cbeb83a3691d35d9
    83   K           0   0   2   1            c6458066a44fe234
    84   K           0   0   2   1            ce05ffd7d1bbfe7e
   103   K           0   0   2   1            c81e0bc432e9597d
   124   K           0   0   2   1            c55e6b82587a67f5
   126   K           0   0   2   1            c96b59e29337753a
   127   K           0   0   2   1            cfedbfb93b7e2d08
   128   K           0   0   2   1            c42a3c8f1f94b334
   130   K           0   0   2   1            c078505b64cee7ed
   131   K           0   0   2   1            cbed2a1f467f1703
   143   K           0   0   2   1            cf8d69f312fc297b
   164   K           0   0   2   1            cd03903ccc9d9def
   166   K           0   0   2   1            cea9119eb43d8385
   167   K           0   0   2   1            c94260a5c3e9c90a
   186   K           0   0   2   1            c18f1c9829383419
   193   1   1   0   0   0   8   1       0    dqdvr^1*dqdvr^1*c38edce2ae8f5624 +
                              q*q*c3ff6e92baf6fb5b + q*c0e8ad715de0f7a8
   194   2   2   0   0   0   8   1       0    dqdvr^1*dqdvr^1*c8c05e49a5a6b880 +
                              q*q*cb0c3c00021c45dc + q*cb4e26c9a4340ec0
   195   3   3   0   0   0   8   1       0    dqdvr^1*dqdvr^1*c4a40eab7a7b07e1 +
                              q*q*cb448d1559a18a92 + q*c8995c1b22a2a56e
   196   1   1   0   0   0   2   0       0    q*q*c812f270829221ab + q*cb5443beaf3a2c61
   197   2   2   0   0   0   2   0       0    q*q*caa7c36dfe2e8d6d + q*c2c74751340d535a
   198   3   3   0   0   0   2   0       0    q*q*c55bd62793674fd9 + q*c9ba0e4c47c118ad
   199   1   1   0   0   0   2   0       0    q*c6e6e2f9ccccfdb6 + q*q*c9bdb94cb1de5a56
   200   2   2   0   0   0   2   0       0    q*c18b062ea94ff6fb + q*q*c3e985f8abf335c1
   201   3   3   0   0   0   2   0       0    q*c981fdba4034bacd + q*q*c673aeb0d96b068a
   202   1   1   0   0   0   2   0       0    q*c2aacef216021072 + q*q*c27b1b7d38701567
   203   2   2   0   0   0   2   0       0    q*cc7299946113ea0c + q*q*c1f95666dc90a2fb
   204   3   3   0   0   0   2   0       0    q*c80fef1372d99592 + q*q*caa9ee1a862c7d2e
   205   1   1   0   0   0   2   0       0    q*q*c13a80a743aac631 + q*c90974a786e58796
   206   2   2   0   0   0   2   0       0    q*q*cbafb44d7c3bbcdc + q*ce39a5f8c2d88c4c
   207   3   3   0   0   0   2   0       0    q*q*ca1d5dea5412b1be + q*c2be4da5eaaebd11
   208   1   1   0   0   0   8   1       0    dqdvr^1*dqdvr^1*c94949b5405d8ff2 +
                              q*q*c392c0ff1632a8ae + q*c47bade0f312557b
   209   2   2   0   0   0   8   1       0    dqdvr^1*dqdvr^1*c2f5cc15e21e334c +
                              q*q*cd232fb32406595d + q*cc07faab071ca8b7
   210   3   3   0   0   0   8   1       0    dqdvr^1*dqdvr^1*c618eb374fd00ad2 +
                              q*q*c6c76e2473b0a0c2 + q*c4d5b84c188a72bb
   211   1   1   0   0   0   2   0       0    q*ced6b34b352f5326 + q*q*cc8c27dd244bd212
   212   2   2   0   0   0   2   0       0    q*ca10bbe619fb3efb + q*q*c7d5f8b2f2127fd9
   213   3   3   0   0   0   2   0       0    q*cb4dd431b33125df + q*q*c3672c7269ab140a
   214   1   1   0   0   0   2   0       0    q*c51bd584a8643fbb + q*q*c7c8227d91aeac7b
   215   2   2   0   0   0   2   0       0    q*cf1445acc9e8ce94 + q*q*ca4b5603f7d9c556
   216   3   3   0   0   0   2   0       0    q*c4b3ed8f9c17aa4e + q*q*c6b419316830b371
   217   1   1   0   0   0   2   0       0    q*c853be8f000d56a8 + q*q*c48250f33a924155
   218   2   2   0   0   0   2   0       0    q*ca7f7c22bda8a203 + q*q*caa89c100d70906d
   219   3   3   0   0   0   2   0       0    q*c07446f8ad36379d + q*q*c7e262d3c861e673
   220   1   1   0   0   0   8   1       0    dqdvr^1*dqdvr^1*c782ea6e9ae7ce86 +
                              q*q*c118633859fb3674 + q*cbceec42d746a21e
   221   2   2   0   0   0   8   1       0    dqdvr^1*dqdvr^1*c086be8f4277bc63 +
                              q*q*c19f85727c426f50 + q*c5fa6e0ab0dfca74
   222   3   3   0   0   0   8   1       0    dqdvr^1*dqdvr^1*cffd763f637833a5 +
                              q*q*c5ad58139f872217 + q*c6cc220fdd27e600
   223   1   1   0   0   0   2   0       0    q*cdb1d27673931096 + q*q*c6dc5b7a6ccd2bd5
   224   2   2   0   0   0   2   0       0    q*cef331f5cd5759cb + q*q*c3f9ea6b9483f254
   225   3   3   0   0   0   2   0       0    q*cf861bc1722e1e04 + q*q*c8505ab1b43b6db7
   226   1   1   0   0   0   2   0       0    q*q*c6658c31ad25f471 + q*cbc93a80fc8661a2
   227   2   2   0   0   0   2   0       0    q*q*cc4a0bcd81fa9941 + q*c2c169b28a0186b9
   228   3   3   0   0   0   2   0       0    q*q*cfab692ecfa07065 + q*c9423a3cd6622f79
   229   1   1   0   0   0   2   0       0    q*c8525963e218c7b9 + q*q*c8e47918c0f42041
   230   2   2   0   0   0   2   0       0    q*c7ce35effdf405a9 + q*q*c8f008714e3baae7
   231   3   3   0   0   0   2   0       0    q*c02b663501a059d4 + q*q*c1eb33720c5d71c1
   232   1   1   0   0   0   8   1       0    dqdvr^1*dqdvr^1*ce0eae81d45d2deb +
                              q*q*c1ee9797fd9e9e1f + q*cc7277b8886ddc8c
   233   2   2   0   0   0   8   1       0    dqdvr^1*dqdvr^1*c65bdbcc7fd4a2d6 +
                              q*q*ca1e495f7a1a2a08 + q*ce1ee0ff584ebe8f
   234   3   3   0   0   0   8   1       0    dqdvr^1*dqdvr^1*c57dc621361e7c62 +
                              q*q*c853c269cc185992 + q*cc62cb21c514b448
   235   1   1   0   0   0   2   0       0    q*q*c0388d27dff53bac + q*ce25ad7a20be7a76
   236   2   2   0   0   0   2   0       0    q*q*c857adde646de1c9 + q*c877212cc3e22089
   237   3   3   0   0   0   2   0       0    q*q*cdbaee1e910019c9 + q*c3cd1c84265b0d1b
   238   1   1   0   0   0   2   0       0    q*cf3d05313502b8dc + q*q*c43cce15abec88b8
   239   2   2   0   0   0   2   0       0    q*c872859e22f44bf8 + q*q*cccaa4e3edf6d48b
   240   3   3   0   0   0   2   0       0    q*c75218e11c87a4fa + q*q*ccb3db08a456a5d1
   241   1   1   0   0   0   2   0       0    q*q*c0d4e502e98d4172 + q*ca247a5ef7a98f03
   242   2   2   0   0   0   2   0       0    q*q*c82358d655cdedae + q*c715d0b43bf0890d
   243   3   3   0   0   0   2   0       0    q*q*c1e901d370aa07fa + q*c7e026914661ed10
   244   1   1   0   0   0   2   0       0    q*q*c5d91d727cfd88e8 + q*c1d68846c51ea2af
   245   2   2   0   0   0   2   0       0    q*q*c176f9e587ca127c + q*c3897f512e7d65f4
   246   3   3   0   0   0   2   0       0    q*q*cef9fd060135e453 + q*cb9959344fb0296b
   247   1   1   0   0   0   8   1       0    dqdvr^1*dqdvr^1*c2277f65840317e6 +
                              q*q*cd9a60408701cbe6 + q*c75e4cfe13f953a8
   248   2   2   0   0   0   8   1       0    dqdvr^1*dqdvr^1*c23b114352876df8 +
                              q*q*cfea589800b95919 + q*ce95ed2556f37328
   249   3   3   0   0   0   8   1       0    dqdvr^1*dqdvr^1*c21878512544eb11 +
                              q*q*c4c7f40f1f370b10 + q*cdd2517aef0de4b4
   250   0   0   0   1   0   1   1       0    (1)*(2)*(3)
   296   0   0   0   1   0   2   1       0    (196)*(2)*(3) + (1)*(197)*(3) + (1)*(2)*(198)
   297   0   0   0   1   0   2   1       0    (199)*(2)*(3) + (1)*(200)*(3) + (1)*(2)*(201)
   298   0   0   0   1   0   2   1       0    (20)*(2)*(3)*40 + (1)*(22)*(3)*42 +
                              (1)*(2)*(24)*43
   299   0   0   0   1   0   2   1       0    (202)*(2)*(3) + (1)*(203)*(3) + (1)*(2)*(204)
   300   0   0   0   1   0   2   1       0    (205)*(2)*(3) + (1)*(206)*(3) + (1)*(2)*(207)
   301   0   0   0   1   0   2   1       0    (211)*(2)*(3) + (1)*(212)*(3) + (1)*(2)*(213)
   302   0   0   0   1   0   2   1       0    (20)*(2)*(3)*77 + (1)*(22)*(3)*79 +
                              (1)*(2)*(24)*80
   303   0   0   0   1   0   2   1       0    (20)*(2)*(3)*81 + (1)*(22)*(3)*83 +
                              (1)*(2)*(24)*84
   304   0   0   0   1   0   2   1       0    (214)*(2)*(3) + (1)*(215)*(3) + (1)*(2)*(216)
   305   0   0   0   1   0   2   1       0    (217)*(2)*(3) + (1)*(218)*(3) + (1)*(2)*(219)
   306   0   0   0   1   0   2   1       0    (223)*(2)*(3) + (1)*(224)*(3) + (1)*(2)*(225)
   307   0   0   0   1   0   2   1       0    (226)*(2)*(3) + (1)*(227)*(3) + (1)*(2)*(228)
   308   0   0   0   1   0   2   1       0    (20)*(2)*(3)*124 + (1)*(22)*(3)*126 +
                              (1)*(2)*(24)*127
   309   0   0   0   1   0   2   1       0    (20)*(2)*(3)*128 + (1)*(22)*(3)*130 +
                              (1)*(2)*(24)*131
   310   0   0   0   1   0   2   1       0    (229)*(2)*(3) + (1)*(230)*(3) + (1)*(2)*(231)
   311   0   0   0   1   0   2   1       0    (235)*(2)*(3) + (1)*(236)*(3) + (1)*(2)*(237)
   312   0   0   0   1   0   2   1       0    (238)*(2)*(3) + (1)*(239)*(3) + (1)*(2)*(240)
   313   0   0   0   1   0   2   1       0    (20)*(2)*(3)*164 + (1)*(22)*(3)*166 +
                              (1)*(2)*(24)*167
   314   0   0   0   1   0   2   1       0    (241)*(2)*(3) + (1)*(242)*(3) + (1)*(2)*(243)
   315   0   0   0   1   0   2   1       0    (244)*(2)*(3) + (1)*(245)*(3) + (1)*(2)*(246)

Correlated Terms  (ki,kf: initial and final el. state. h=hamilton(f,k))
            dof order =  mode1,  mode2,  mode3 |
     k  ki  kf coeff   No.s
     1   2   1   25        250
     2   2   1    5        296
     3   3   1    5        297
     4   4   1    5        298
     5   5   1    5        299
     6   1   2   51        250
     7   1   2    5        300
     8   2   2   63        250
     9   3   2    5        301
    10   4   2    5        302
    11   5   2    5        303
    12   1   3    5        304
    13   2   3    5        305
    14   3   3  103        250
    15   4   3    5        306
    16   5   3    5        307
    17   1   4    5        308
    18   2   4    5        309
    19   3   4    5        310
    20   4   4  143        250
    21   5   4    5        311
    22   1   5    5        312
    23   2   5    5        313
    24   3   5    5        314
    25   4   5    5        315
    26   5   5  186        250

Terms
     k   m   s  sym coeff          No.s
    27   1   1   1    5   real    193    2    3
    28   1   1   1    5   real      1  194    3
    29   1   1   1    5   real      1    2  195
    30   1   2   1    5   real    208    2    3
    31   1   2   1    5   real      1  209    3
    32   1   2   1    5   real      1    2  210
    33   1   3   1    5   real    220    2    3
    34   1   3   1    5   real      1  221    3
    35   1   3   1    5   real      1    2  222
    36   1   4   1    5   real    232    2    3
    37   1   4   1    5   real      1  233    3
    38   1   4   1    5   real      1    2  234
    39   1   5   1    5   real    247    2    3
    40   1   5   1    5   real      1  248    3
    41   1   5   1    5   real      1    2  249
The sum of uncorrelated operators is real and Hermitian!

**** Non-hermitian operators ****
     Hermitian      =  1
     Anti-Hermitian = -1
     No Symmetry    =  0

     k  ki  kf coeff     hsym(m,k)  (Last column is sym of coeff)
     1   1   2   25       0    0
     2   1   2    5       0    0
     3   1   3    5       0    0
     4   1   4    5       0    0
     5   1   5    5       0    0
     6   2   1   51       0    0
     7   2   1    5       0    0
     9   2   3    5       0    0
    10   2   4    5       0    0
    11   2   5    5       0    0
    12   3   1    5       0    0
    13   3   2    5       0    0
    15   3   4    5       0    0
    16   3   5    5       0    0
    17   4   1    5       0    0
    18   4   2    5       0    0
    19   4   3    5       0    0
    21   4   5    5       0    0
    22   5   1    5       0    0
    23   5   2    5       0    0
    24   5   3    5       0    0
    25   5   4    5       0    0

The correlated operator is NON-HERMITIAN and contains terms of
unspecified symmetry. Some terms are complex.
The uncorrelated operator is real and Hermitian!

------------------------------------------------------------------------------

